2023-01-23 15:49:31,968 INFO o.s.b.StartupInfoLogger [main] Starting CafeApplication using Java 19.0.1 on smt-mac.local with PID 22823 (/Users/sametcancobanli/Desktop/CafeApplication/target/classes started by sametcancobanli in /Users/sametcancobanli/Desktop/CafeApplication)
2023-01-23 15:49:31,972 INFO o.s.b.SpringApplication [main] The following 3 profiles are active: "data", "price", "en"
2023-01-23 15:49:32,217 INFO o.s.d.r.c.RepositoryConfigurationDelegate [main] Bootstrapping Spring Data JPA repositories in DEFAULT mode.
2023-01-23 15:49:32,254 INFO o.s.d.r.c.RepositoryConfigurationDelegate [main] Finished Spring Data repository scanning in 29 ms. Found 6 JPA repository interfaces.
2023-01-23 15:49:32,446 INFO o.s.b.w.e.t.TomcatWebServer [main] Tomcat initialized with port(s): 8082 (http)
2023-01-23 15:49:32,452 INFO o.a.j.l.DirectJDKLog [main] Initializing ProtocolHandler ["http-nio-8082"]
2023-01-23 15:49:32,453 INFO o.a.j.l.DirectJDKLog [main] Starting service [Tomcat]
2023-01-23 15:49:32,453 INFO o.a.j.l.DirectJDKLog [main] Starting Servlet engine: [Apache Tomcat/9.0.70]
2023-01-23 15:49:32,492 INFO o.a.j.l.DirectJDKLog [main] Initializing Spring embedded WebApplicationContext
2023-01-23 15:49:32,493 INFO o.s.b.w.s.c.ServletWebServerApplicationContext [main] Root WebApplicationContext: initialization completed in 502 ms
2023-01-23 15:49:32,507 INFO c.z.h.HikariDataSource [main] HikariPool-1 - Starting...
2023-01-23 15:49:32,592 INFO c.z.h.HikariDataSource [main] HikariPool-1 - Start completed.
2023-01-23 15:49:32,597 INFO o.s.b.a.h.H2ConsoleAutoConfiguration [main] H2 console available at '/h2-console'. Database available at 'jdbc:h2:mem:testdb'
2023-01-23 15:49:32,648 INFO o.h.j.i.u.LogHelper [main] HHH000204: Processing PersistenceUnitInfo [name: default]
2023-01-23 15:49:32,669 INFO o.h.Version [main] HHH000412: Hibernate ORM core version 5.6.14.Final
2023-01-23 15:49:32,731 INFO o.h.a.c.r.j.JavaReflectionManager [main] HCANN000001: Hibernate Commons Annotations {5.1.2.Final}
2023-01-23 15:49:32,768 INFO o.h.d.Dialect [main] HHH000400: Using dialect: org.hibernate.dialect.H2Dialect
2023-01-23 15:49:33,017 INFO o.h.e.t.j.p.i.JtaPlatformInitiator [main] HHH000490: Using JtaPlatform implementation: [org.hibernate.engine.transaction.jta.platform.internal.NoJtaPlatform]
2023-01-23 15:49:33,021 INFO o.s.o.j.AbstractEntityManagerFactoryBean [main] Initialized JPA EntityManagerFactory for persistence unit 'default'
2023-01-23 15:49:33,168 WARN o.s.b.a.o.j.JpaBaseConfiguration$JpaWebConfiguration [main] spring.jpa.open-in-view is enabled by default. Therefore, database queries may be performed during view rendering. Explicitly configure spring.jpa.open-in-view to disable this warning
2023-01-23 15:49:33,294 INFO o.a.j.l.DirectJDKLog [main] Starting ProtocolHandler ["http-nio-8082"]
2023-01-23 15:49:33,303 INFO o.s.b.w.e.t.TomcatWebServer [main] Tomcat started on port(s): 8082 (http) with context path ''
2023-01-23 15:49:33,308 INFO o.s.b.StartupInfoLogger [main] Started CafeApplication in 1.52 seconds (JVM running for 2.092)
